1621951566466	geckodriver	INFO	Listening on 127.0.0.1:49702
1621951569581	mozrunner::runner	INFO	Running command: "C:\\Program Files\\Mozilla Firefox\\firefox.exe" "--marionette" "-foreground" "-no-remote" "-profile" "C:\\Users\\SWAPNI~1.VER\\AppData\\Local\\Temp\\rust_mozprofilebS69gz"
1621951570129	Marionette	INFO	Marionette enabled
console.warn: SearchSettings: "get: No settings file exists, new profile?" (new Error("", "(unknown module)"))
1621951573297	Marionette	INFO	Listening on port 49711
1621951573821	Marionette	WARN	TLS certificate errors will be ignored for this session
JavaScript error: https://beta.infobeans.com/wp-content/themes/infobeans/js/main.js?ver=5.7.2, line 239: TypeError: $.cookie is not a function
JavaScript error: https://beta.infobeans.com/wp-content/plugins/wp-user-avatar/assets/js/member-directory.min.js?ver=3.1.2, line 1: TypeError: e(...).select2 is not a function
JavaScript error: https://beta.infobeans.com/, line 845: TypeError: $.stellar is not a function
JavaScript error: https://beta.infobeans.com/wp-content/themes/infobeans/assets/js/inner-redesign.js?ver=5.7.2, line 17: TypeError: $(...).slick is not a function
JavaScript error: https://beta.infobeans.com/wp-content/themes/infobeans/assets/js/inner-redesign.js?ver=5.7.2, line 184: TypeError: $(...).slick is not a function
JavaScript error: https://beta.infobeans.com/wp-content/plugins/wp-user-avatar/assets/js/member-directory.min.js?ver=3.1.2, line 1: TypeError: e(...).select2 is not a function
JavaScript error: https://beta.infobeans.com/wp-content/themes/infobeans/assets/js/jquery.min.js?ver=5.7.2, line 2: TypeError: r.getClientRects is not a function
JavaScript error: https://beta.infobeans.com/wp-content/themes/infobeans/assets/js/inner-redesign.js?ver=5.7.2, line 411: TypeError: $(...).slick is not a function
JavaScript error: https://beta.infobeans.com/wp-content/themes/infobeans/assets/js/inner-redesign.js?ver=5.7.2, line 440: TypeError: $(...).slick is not a function
JavaScript error: https://beta.infobeans.com/wp-content/plugins/wp-user-avatar/assets/js/member-directory.min.js?ver=3.1.2, line 1: TypeError: e(...).select2 is not a function
JavaScript error: https://beta.infobeans.com/wp-content/themes/infobeans/assets/js/jquery.min.js?ver=5.7.2, line 2: TypeError: r.getClientRects is not a function
JavaScript error: https://beta.infobeans.com/wp-content/themes/infobeans/assets/js/inner-redesign.js, line 17: TypeError: $(...).slick is not a function
JavaScript error: https://beta.infobeans.com/wp-content/themes/infobeans/assets/js/inner-redesign.js, line 184: TypeError: $(...).slick is not a function
JavaScript error: https://beta.infobeans.com/wp-content/themes/infobeans/assets/js/inner-redesign.js, line 411: TypeError: $(...).slick is not a function
JavaScript error: https://beta.infobeans.com/wp-content/themes/infobeans/assets/js/inner-redesign.js, line 440: TypeError: $(...).slick is not a function
JavaScript error: https://beta.infobeans.com/wp-content/plugins/wp-user-avatar/assets/js/member-directory.min.js?ver=3.1.2, line 1: TypeError: e(...).select2 is not a function
JavaScript error: https://beta.infobeans.com/wp-content/themes/infobeans/assets/js/jquery.min.js?ver=5.7.2, line 2: TypeError: r.getClientRects is not a function
JavaScript error: https://beta.infobeans.com/wp-content/themes/infobeans/assets/js/inner-redesign.js, line 17: TypeError: $(...).slick is not a function
JavaScript error: https://beta.infobeans.com/wp-content/themes/infobeans/assets/js/inner-redesign.js, line 184: TypeError: $(...).slick is not a function
JavaScript error: https://beta.infobeans.com/wp-content/themes/infobeans/assets/js/inner-redesign.js, line 411: TypeError: $(...).slick is not a function
JavaScript error: https://beta.infobeans.com/wp-content/themes/infobeans/assets/js/inner-redesign.js, line 440: TypeError: $(...).slick is not a function
1621951664567	Marionette	INFO	Stopped listening on port 49711

###!!! [Child][RunMessage] Error: Channel closing: too late to send/recv, messages will be lost

